<?xml version="1.0" encoding="UTF-8"?>
<TestRun id="f7802d6d-783f-4d11-b3cc-7bd87cac7254" name="etc.mar7r@ETC-0238 2010-02-11 16:46:43" runUser="SSLIFENETWORK\etc.mar7r" xmlns="http://microsoft.com/schemas/VisualStudio/TeamTest/2006">
  <TestRunConfiguration name="로컬 테스트 실행" id="a08ca533-0e62-4283-988a-b6dd0e1ff493">
    <Description>로컬 테스트 실행의 기본 테스트 실행 구성입니다.</Description>
    <Deployment runDeploymentRoot="D:\Projects\VisualStudio2008\C#\BeehiveManagementSystem\TestResults\etc.mar7r_ETC-0238 2010-02-11 16_46_43">
      <DeploymentItem filename="D:\Projects\VisualStudio2008\C#\BeehiveManagementSystem\BeehiveManagementSystem\bin\Debug\BeehiveManagementSystem.exe" />
    </Deployment>
    <TestTypeSpecific />
  </TestRunConfiguration>
  <ResultSummary outcome="Failed">
    <Counters total="3" executed="3" passed="2" error="0" failed="1" timeout="0" aborted="0" inconclusive="0" passedButRunAborted="0" notRunnable="0" notExecuted="0" disconnected="0" warning="0" completed="0" inProgress="0" pending="0" />
  </ResultSummary>
  <Times creation="2010-02-11T16:46:43.1173107+09:00" queuing="2010-02-11T16:46:44.6798207+09:00" start="2010-02-11T16:46:44.9610725+09:00" finish="2010-02-11T16:46:46.2267056+09:00" />
  <TestDefinitions>
    <UnitTest name="TestWorker" storage="d:\projects\visualstudio2008\c#\beehivemanagementsystem\testbeehive\bin\debug\testbeehive.dll" id="ec47f250-e517-dfde-afea-4cc884b29c18">
      <Css projectStructure="" iteration="" />
      <Owners>
        <Owner name="" />
      </Owners>
      <Execution id="e95dd037-0e41-4890-8754-6dde911ff6b7" />
      <TestMethod codeBase="D:\Projects\VisualStudio2008\C#\BeehiveManagementSystem\TestBeehive\bin\Debug\TestBeehive.dll" adapterTypeName="Microsoft.VisualStudio.TestTools.TestTypes.Unit.UnitTestAdapter, Microsoft.VisualStudio.QualityTools.Tips.UnitTest.Adapter, Version=9.0.0.0, Culture=neutral, PublicKeyToken=b03f5f7f11d50a3a" className="TestBeehive.UnitTest1, TestBeehive" name="TestWorker" />
    </UnitTest>
    <UnitTest name="TestHive" storage="d:\projects\visualstudio2008\c#\beehivemanagementsystem\testbeehive\bin\debug\testbeehive.dll" id="46c35b9a-e028-ba76-4cc2-22341bc060e4">
      <Css projectStructure="" iteration="" />
      <Owners>
        <Owner name="" />
      </Owners>
      <Execution id="a2e67414-a4da-4431-aa70-e25253956e1f" />
      <TestMethod codeBase="D:\Projects\VisualStudio2008\C#\BeehiveManagementSystem\TestBeehive\bin\Debug\TestBeehive.dll" adapterTypeName="Microsoft.VisualStudio.TestTools.TestTypes.Unit.UnitTestAdapter, Microsoft.VisualStudio.QualityTools.Tips.UnitTest.Adapter, Version=9.0.0.0, Culture=neutral, PublicKeyToken=b03f5f7f11d50a3a" className="TestBeehive.UnitTest1, TestBeehive" name="TestHive" />
    </UnitTest>
    <UnitTest name="TestQueen" storage="d:\projects\visualstudio2008\c#\beehivemanagementsystem\testbeehive\bin\debug\testbeehive.dll" id="733439f6-98c3-7f37-ca3f-479fc44c82b9">
      <Css projectStructure="" iteration="" />
      <Owners>
        <Owner name="" />
      </Owners>
      <Execution id="7b743d42-a2e5-4e21-b001-8d85653d9ace" />
      <TestMethod codeBase="D:\Projects\VisualStudio2008\C#\BeehiveManagementSystem\TestBeehive\bin\Debug\TestBeehive.dll" adapterTypeName="Microsoft.VisualStudio.TestTools.TestTypes.Unit.UnitTestAdapter, Microsoft.VisualStudio.QualityTools.Tips.UnitTest.Adapter, Version=9.0.0.0, Culture=neutral, PublicKeyToken=b03f5f7f11d50a3a" className="TestBeehive.UnitTest1, TestBeehive" name="TestQueen" />
    </UnitTest>
  </TestDefinitions>
  <TestLists>
    <TestList name="목록에 없는 결과" id="8c84fa94-04c1-424b-9868-57a2d4851a1d" />
    <TestList name="로드된 모든 결과" id="19431567-8539-422a-85d7-44ee4e166bda" />
  </TestLists>
  <TestEntries>
    <TestEntry testId="46c35b9a-e028-ba76-4cc2-22341bc060e4" executionId="a2e67414-a4da-4431-aa70-e25253956e1f" testListId="8c84fa94-04c1-424b-9868-57a2d4851a1d" />
    <TestEntry testId="733439f6-98c3-7f37-ca3f-479fc44c82b9" executionId="7b743d42-a2e5-4e21-b001-8d85653d9ace" testListId="8c84fa94-04c1-424b-9868-57a2d4851a1d" />
    <TestEntry testId="ec47f250-e517-dfde-afea-4cc884b29c18" executionId="e95dd037-0e41-4890-8754-6dde911ff6b7" testListId="8c84fa94-04c1-424b-9868-57a2d4851a1d" />
  </TestEntries>
  <Results>
    <UnitTestResult executionId="a2e67414-a4da-4431-aa70-e25253956e1f" testId="46c35b9a-e028-ba76-4cc2-22341bc060e4" testName="TestHive" computerName="ETC-0238" duration="00:00:00.6023250" startTime="2010-02-11T16:46:45.0704482+09:00" endTime="2010-02-11T16:46:46.1017048+09:00" testType="13cdc9d9-ddb5-4fa4-a97d-d965ccfc6d4b" outcome="Failed" testListId="8c84fa94-04c1-424b-9868-57a2d4851a1d">
      <Output>
        <ErrorInfo>
          <Message>Assert.AreEqual이(가) 실패했습니다. 예상 값: &lt;-10 (System.String)&gt;. 실제 값: &lt;90 (System.Int32)&gt;. </Message>
          <StackTrace>   위치: TestBeehive.UnitTest1.TestHive() 파일 D:\Projects\VisualStudio2008\C#\BeehiveManagementSystem\TestBeehive\UnitTest1.cs:줄 126
</StackTrace>
        </ErrorInfo>
      </Output>
    </UnitTestResult>
    <UnitTestResult executionId="7b743d42-a2e5-4e21-b001-8d85653d9ace" testId="733439f6-98c3-7f37-ca3f-479fc44c82b9" testName="TestQueen" computerName="ETC-0238" duration="00:00:00.0007249" startTime="2010-02-11T16:46:46.1017048+09:00" endTime="2010-02-11T16:46:46.1017048+09:00" testType="13cdc9d9-ddb5-4fa4-a97d-d965ccfc6d4b" outcome="Passed" testListId="8c84fa94-04c1-424b-9868-57a2d4851a1d">
      <Output>
      </Output>
    </UnitTestResult>
    <UnitTestResult executionId="e95dd037-0e41-4890-8754-6dde911ff6b7" testId="ec47f250-e517-dfde-afea-4cc884b29c18" testName="TestWorker" computerName="ETC-0238" duration="00:00:00.0065593" startTime="2010-02-11T16:46:46.1173299+09:00" endTime="2010-02-11T16:46:46.1173299+09:00" testType="13cdc9d9-ddb5-4fa4-a97d-d965ccfc6d4b" outcome="Passed" testListId="8c84fa94-04c1-424b-9868-57a2d4851a1d">
      <Output>
      </Output>
    </UnitTestResult>
  </Results>
</TestRun>